# JRE version: Java(TM) SE Runtime Environment (8.0_191-b12) (build 1.8.0_191-b12)
# Java VM: Java HotSpot(TM) 64-Bit Server VM (25.191-b12 mixed mode bsd-amd64 compressed oops)
Heap:
 PSYoungGen      total 225792K, used 85137K [0x000000076ab00000, 0x000000077a580000, 0x00000007c0000000)
  eden space 212480K, 40% used [0x000000076ab00000,0x000000076fe24770,0x0000000777a80000)
  from space 13312K, 0% used [0x0000000778780000,0x0000000778780000,0x0000000779480000)
  to   space 13312K, 0% used [0x0000000777a80000,0x0000000777a80000,0x0000000778780000)
 ParOldGen       total 103936K, used 14270K [0x00000006c0000000, 0x00000006c6580000, 0x000000076ab00000)
  object space 103936K, 13% used [0x00000006c0000000,0x00000006c0defa30,0x00000006c6580000)
 Metaspace       used 38638K, capacity 40388K, committed 40616K, reserved 1085440K
  class space    used 5127K, capacity 5437K, committed 5552K, reserved 1048576K
GC Heap History (10 events):
Event: 6.227 GC heap before
{Heap before GC invocations=4 (full 1):
 PSYoungGen      total 76288K, used 8046K [0x000000076ab00000, 0x0000000774000000, 0x00000007c0000000)
  eden space 65536K, 0% used [0x000000076ab00000,0x000000076ab00000,0x000000076eb00000)
  from space 10752K, 74% used [0x000000076eb00000,0x000000076f2db9b8,0x000000076f580000)
  to   space 10752K, 0% used [0x0000000773580000,0x0000000773580000,0x0000000774000000)
 ParOldGen       total 175104K, used 32K [0x00000006c0000000, 0x00000006cab00000, 0x000000076ab00000)
  object space 175104K, 0% used [0x00000006c0000000,0x00000006c0008000,0x00000006cab00000)
 Metaspace       used 20717K, capacity 21188K, committed 21296K, reserved 1067008K
  class space    used 2672K, capacity 2838K, committed 2864K, reserved 1048576K
Event: 6.260 GC heap after
Heap after GC invocations=4 (full 1):
 PSYoungGen      total 76288K, used 0K [0x000000076ab00000, 0x0000000774000000, 0x00000007c0000000)
  eden space 65536K, 0% used [0x000000076ab00000,0x000000076ab00000,0x000000076eb00000)
  from space 10752K, 0% used [0x000000076eb00000,0x000000076eb00000,0x000000076f580000)
  to   space 10752K, 0% used [0x0000000773580000,0x0000000773580000,0x0000000774000000)
 ParOldGen       total 84480K, used 7764K [0x00000006c0000000, 0x00000006c5280000, 0x000000076ab00000)
  object space 84480K, 9% used [0x00000006c0000000,0x00000006c0795220,0x00000006c5280000)
 Metaspace       used 20716K, capacity 21182K, committed 21296K, reserved 1067008K
  class space    used 2671K, capacity 2837K, committed 2864K, reserved 1048576K
}
Event: 21.065 GC heap before
{Heap before GC invocations=5 (full 1):
 PSYoungGen      total 76288K, used 65536K [0x000000076ab00000, 0x0000000774000000, 0x00000007c0000000)
  eden space 65536K, 100% used [0x000000076ab00000,0x000000076eb00000,0x000000076eb00000)
  from space 10752K, 0% used [0x000000076eb00000,0x000000076eb00000,0x000000076f580000)
  to   space 10752K, 0% used [0x0000000773580000,0x0000000773580000,0x0000000774000000)
 ParOldGen       total 84480K, used 7764K [0x00000006c0000000, 0x00000006c5280000, 0x000000076ab00000)
  object space 84480K, 9% used [0x00000006c0000000,0x00000006c0795220,0x00000006c5280000)
 Metaspace       used 25417K, capacity 26138K, committed 26416K, reserved 1073152K
  class space    used 3324K, capacity 3509K, committed 3632K, reserved 1048576K
Event: 21.071 GC heap after
Heap after GC invocations=5 (full 1):
 PSYoungGen      total 123904K, used 5332K [0x000000076ab00000, 0x0000000773b00000, 0x00000007c0000000)
  eden space 118272K, 0% used [0x000000076ab00000,0x000000076ab00000,0x0000000771e80000)
  from space 5632K, 94% used [0x0000000773580000,0x0000000773ab51a8,0x0000000773b00000)
  to   space 10752K, 0% used [0x0000000772600000,0x0000000772600000,0x0000000773080000)
 ParOldGen       total 84480K, used 7772K [0x00000006c0000000, 0x00000006c5280000, 0x000000076ab00000)
  object space 84480K, 9% used [0x00000006c0000000,0x00000006c0797220,0x00000006c5280000)
 Metaspace       used 25417K, capacity 26138K, committed 26416K, reserved 1073152K
  class space    used 3324K, capacity 3509K, committed 3632K, reserved 1048576K
}
Event: 21.737 GC heap before
{Heap before GC invocations=6 (full 1):
 PSYoungGen      total 123904K, used 123604K [0x000000076ab00000, 0x0000000773b00000, 0x00000007c0000000)
  eden space 118272K, 100% used [0x000000076ab00000,0x0000000771e80000,0x0000000771e80000)
  from space 5632K, 94% used [0x0000000773580000,0x0000000773ab51a8,0x0000000773b00000)
  to   space 10752K, 0% used [0x0000000772600000,0x0000000772600000,0x0000000773080000)
 ParOldGen       total 84480K, used 7772K [0x00000006c0000000, 0x00000006c5280000, 0x000000076ab00000)
  object space 84480K, 9% used [0x00000006c0000000,0x00000006c0797220,0x00000006c5280000)
 Metaspace       used 31737K, capacity 33066K, committed 33200K, reserved 1077248K
  class space    used 4167K, capacity 4471K, committed 4528K, reserved 1048576K
Event: 21.750 GC heap after
Heap after GC invocations=6 (full 1):
 PSYoungGen      total 136704K, used 10723K [0x000000076ab00000, 0x0000000779480000, 0x00000007c0000000)
  eden space 125952K, 0% used [0x000000076ab00000,0x000000076ab00000,0x0000000772600000)
  from space 10752K, 99% used [0x0000000772600000,0x0000000773078db8,0x0000000773080000)
  to   space 13312K, 0% used [0x0000000778780000,0x0000000778780000,0x0000000779480000)
 ParOldGen       total 84480K, used 9131K [0x00000006c0000000, 0x00000006c5280000, 0x000000076ab00000)
  object space 84480K, 10% used [0x00000006c0000000,0x00000006c08eaed0,0x00000006c5280000)
 Metaspace       used 31737K, capacity 33066K, committed 33200K, reserved 1077248K
  class space    used 4167K, capacity 4471K, committed 4528K, reserved 1048576K
}
Event: 22.029 GC heap before
{Heap before GC invocations=7 (full 1):
 PSYoungGen      total 136704K, used 54627K [0x000000076ab00000, 0x0000000779480000, 0x00000007c0000000)
  eden space 125952K, 34% used [0x000000076ab00000,0x000000076d5dff90,0x0000000772600000)
  from space 10752K, 99% used [0x0000000772600000,0x0000000773078db8,0x0000000773080000)
  to   space 13312K, 0% used [0x0000000778780000,0x0000000778780000,0x0000000779480000)
 ParOldGen       total 84480K, used 9131K [0x00000006c0000000, 0x00000006c5280000, 0x000000076ab00000)
  object space 84480K, 10% used [0x00000006c0000000,0x00000006c08eaed0,0x00000006c5280000)
 Metaspace       used 33951K, capacity 35428K, committed 35496K, reserved 1079296K
  class space    used 4462K, capacity 4758K, committed 4784K, reserved 1048576K
Event: 22.040 GC heap after
Heap after GC invocations=7 (full 1):
 PSYoungGen      total 225792K, used 9803K [0x000000076ab00000, 0x000000077a580000, 0x00000007c0000000)
  eden space 212480K, 0% used [0x000000076ab00000,0x000000076ab00000,0x0000000777a80000)
  from space 13312K, 73% used [0x0000000778780000,0x0000000779112ff0,0x0000000779480000)
  to   space 13312K, 0% used [0x0000000777a80000,0x0000000777a80000,0x0000000778780000)
 ParOldGen       total 84480K, used 9203K [0x00000006c0000000, 0x00000006c5280000, 0x000000076ab00000)
  object space 84480K, 10% used [0x00000006c0000000,0x00000006c08fcee0,0x00000006c5280000)
 Metaspace       used 33951K, capacity 35428K, committed 35496K, reserved 1079296K
  class space    used 4462K, capacity 4758K, committed 4784K, reserved 1048576K
}
Event: 22.040 GC heap before
{Heap before GC invocations=8 (full 2):
 PSYoungGen      total 225792K, used 9803K [0x000000076ab00000, 0x000000077a580000, 0x00000007c0000000)
  eden space 212480K, 0% used [0x000000076ab00000,0x000000076ab00000,0x0000000777a80000)
  from space 13312K, 73% used [0x0000000778780000,0x0000000779112ff0,0x0000000779480000)
  to   space 13312K, 0% used [0x0000000777a80000,0x0000000777a80000,0x0000000778780000)
 ParOldGen       total 84480K, used 9203K [0x00000006c0000000, 0x00000006c5280000, 0x000000076ab00000)
  object space 84480K, 10% used [0x00000006c0000000,0x00000006c08fcee0,0x00000006c5280000)
 Metaspace       used 33951K, capacity 35428K, committed 35496K, reserved 1079296K
  class space    used 4462K, capacity 4758K, committed 4784K, reserved 1048576K
Event: 22.103 GC heap after
Heap after GC invocations=8 (full 2):
 PSYoungGen      total 225792K, used 0K [0x000000076ab00000, 0x000000077a580000, 0x00000007c0000000)
  eden space 212480K, 0% used [0x000000076ab00000,0x000000076ab00000,0x0000000777a80000)
  from space 13312K, 0% used [0x0000000778780000,0x0000000778780000,0x0000000779480000)
  to   space 13312K, 0% used [0x0000000777a80000,0x0000000777a80000,0x0000000778780000)
 ParOldGen       total 103936K, used 14270K [0x00000006c0000000, 0x00000006c6580000, 0x000000076ab00000)
  object space 103936K, 13% used [0x00000006c0000000,0x00000006c0defa30,0x00000006c6580000)
 Metaspace       used 33951K, capacity 35428K, committed 35496K, reserved 1079296K
  class space    used 4462K, capacity 4758K, committed 4784K, reserved 1048576K
}

